marketId#market_name#marketStartTime#totalMatched#selectionId_1#runnerName_1#selectionId_2#runnerName_2#competition#event_id#event_name
1.157282299#Moneyline#2019-04-08T22:00:00.000Z#0.0#8876562#Paulistano#8993759#Basquete Cearense#Brazilian NBB#29223766#Paulistano v Basquete Cearense#
1.157333150#Moneyline#2019-04-08T23:00:00.000Z#0.0#6243647#Bauru#10284034#minas Tenis Clube#Brazilian NBB#29225511#Bauru v Minas Tenis Clube#
1.157332050#Moneyline#2019-04-08T23:00:00.000Z#0.0#6269780#Obras#6243645#Quimsa#Argentinian LNB#29225499#Obras v Quimsa#
1.157331833#Moneyline#2019-04-09T00:00:00.000Z#0.0#12442084#Instituto#12450111#Gimnasia Rivadavia#Argentinian LNB#29225500#Instituto v Gimnasia Rivadavia#
1.157284372#Moneyline#2019-04-09T01:20:00.000Z#0.0#284244#Texas Tech#332651#Virginia#NCAAB#29222778#Texas Tech @ Virginia#
1.157332926#Moneyline#2019-04-09T10:30:00.000Z#0.0#5154591#KCC Egis#5154595#Mobis Phoebus#Korean KBL#29225063#KCC Egis v Mobis Phoebus#
1.157332271#Moneyline#2019-04-09T15:30:00.000Z#0.0#8867681#Helsinki Seagulls#8117589#Kataja Basket#Finnish Korisliiga#29225248#Helsinki Seagulls v Kataja Basket#
1.157332706#Moneyline#2019-04-09T15:30:00.000Z#0.0#7749341#Salon Vilpas#10291895#BC Nokia#Finnish Korisliiga#29225250#Salon Vilpas v BC Nokia#
1.157332488#Moneyline#2019-04-09T15:30:00.000Z#0.0#7789792#KTP-Basket#2621631#Kauhajoen Karhu#Finnish Korisliiga#29225249#KTP-Basket v Kauhajoen Karhu#
1.157336077#Moneyline#2019-04-09T16:00:00.000Z#0.0#8998311#BC Nizhny Novgorod#266272#CSKA Moscow#VTB United League#29225553#BC Nizhny Novgorod v CSKA Moscow#
1.157335858#Moneyline#2019-04-09T16:00:00.000Z#0.0#8998313#BC Kalev/Cramo#1297051#Unics Kazan#VTB United League#29225552#BC Kalev/Cramo v UNICS Kazan#
1.157335633#Moneyline#2019-04-09T17:00:00.000Z#0.0#23131547#GTK Gliwice U#22177445#SPOJNIA STARGARD#Polish PLK#29225551#GTK Gliwice U v SPOJNIA STARGARD#
1.157333652#Moneyline#2019-04-09T17:00:00.000Z#0.0#8074967#Monaco#6719000#Le Portel#French ProA League#29225542#Monaco v Le Portel#
1.157336308#Moneyline#2019-04-09T17:00:00.000Z#0.0#5508059#Lokomotiv Kuban#647323#Avtodor Saratov#VTB United League#29225554#Lokomotiv Kuban v Avtodor Saratov#
1.157334521#Moneyline#2019-04-09T18:00:00.000Z#0.0#1193143#Strasbourg#20876592#Provence Basket#French ProA League#29225546#Strasbourg v Provence Basket#
1.157333869#Moneyline#2019-04-09T18:00:00.000Z#0.0#4275964#Chalon/Saone#8874984#Bourg-en-Bresse#French ProA League#29225544#Chalon/Saone v Bourg-en-Bresse#
1.157334304#Moneyline#2019-04-09T18:00:00.000Z#0.0#2989492#Nanterre#6718787#Boulazac#French ProA League#29225545#Nanterre v Boulazac#
1.157334087#Moneyline#2019-04-09T18:00:00.000Z#0.0#7157694#Gravelines-Dunkerque#1292705#Dijon#French ProA League#29225543#Gravelines-Dunkerque v Dijon#
1.157335195#Moneyline#2019-04-09T18:30:00.000Z#0.0#7801565#Valencia BC#4399974#Alba Berlin#Eurocup Men#29225548#Valencia BC v ALBA Berlin#
1.157334978#Moneyline#2019-04-09T18:30:00.000Z#0.0#276213#Avellino#276210#Trieste#Italian Serie A BB#29225550#Avellino v Trieste#
1.157334738#Moneyline#2019-04-09T18:30:00.000Z#0.0#22833526#Levallois Metropolitans#678099#Cholet#French ProA League#29225547#Levallois Metropolitans v Cholet#
